[2024-02-04T19:40:22.541278+01:00] checkImgsLogger.INFO: Inizio procedura [] []
[2024-02-04T19:40:22.566363+01:00] checkImgsLogger.ERROR: No files were found [] []
[2024-02-04T19:41:14.670013+01:00] checkImgsLogger.INFO: Inizio procedura [] []
[2024-02-04T19:41:14.672604+01:00] checkImgsLogger.ERROR: No files were found [] []
[2024-02-04T19:42:23.664053+01:00] checkImgsLogger.INFO: Inizio procedura [] []
[2024-02-04T19:42:23.666855+01:00] checkImgsLogger.ERROR: No files were found [] []
[2024-02-04T19:42:42.085318+01:00] checkImgsLogger.INFO: Inizio procedura [] []
[2024-02-04T19:42:42.088245+01:00] checkImgsLogger.ERROR: No files were found [] []
[2024-02-04T19:44:11.264853+01:00] checkImgsLogger.INFO: Inizio procedura [] []
[2024-02-04T19:44:11.267719+01:00] checkImgsLogger.ERROR: Cartella vuota: /input_files [] []
[2024-02-04T19:45:05.217304+01:00] checkImgsLogger.INFO: Inizio procedura [] []
[2024-02-04T19:45:05.220143+01:00] checkImgsLogger.ERROR: Cartella vuota: /input_files [] []
[2024-02-04T19:45:45.580964+01:00] checkImgsLogger.INFO: Inizio procedura [] []
[2024-02-04T19:46:22.777977+01:00] checkImgsLogger.INFO: Inizio procedura [] []
[2024-02-04T19:46:34.345815+01:00] checkImgsLogger.INFO: Inizio procedura [] []
[2024-02-04T19:46:52.483594+01:00] checkImgsLogger.INFO: Inizio procedura [] []
[2024-02-04T19:47:38.891808+01:00] checkImgsLogger.INFO: Inizio procedura [] []
[2024-02-04T19:48:20.316573+01:00] checkImgsLogger.INFO: Inizio procedura [] []
[2024-02-04T19:48:48.648916+01:00] checkImgsLogger.INFO: Inizio procedura [] []
[2024-02-04T19:51:56.006815+01:00] checkImgsLogger.INFO: Inizio procedura [] []
[2024-02-04T19:51:56.194794+01:00] checkImgsLogger.ERROR: Image source not readable [] []
[2024-02-04T19:52:48.145785+01:00] checkImgsLogger.INFO: Inizio procedura [] []
[2024-02-04T19:52:48.151981+01:00] checkImgsLogger.ERROR: Image source not readable [] []
[2024-02-04T19:53:18.988109+01:00] checkImgsLogger.INFO: Inizio procedura [] []
[2024-02-04T19:54:02.207471+01:00] checkImgsLogger.INFO: Inizio procedura [] []
[2024-02-04T19:57:04.949634+01:00] checkImgsLogger.INFO: Inizio procedura [] []
[2024-02-04T19:58:06.159066+01:00] checkImgsLogger.INFO: Inizio procedura [] []
[2024-02-04T20:06:31.068681+01:00] checkImgsLogger.INFO: **** Inizio procedura **** [] []
[2024-02-04T20:06:43.848517+01:00] checkImgsLogger.INFO: **** Fine procedura **** [] []
[2024-02-04T21:54:28.200199+01:00] checkImgsLogger.INFO: **** Inizio procedura **** [] []
[2024-02-04T21:54:28.550115+01:00] checkImgsLogger.INFO: **** Fine procedura **** [] []
[2024-02-04T21:54:45.333420+01:00] checkImgsLogger.INFO: **** Inizio procedura **** [] []
[2024-02-04T21:54:45.701807+01:00] checkImgsLogger.INFO: **** Fine procedura **** [] []
[2024-02-04T21:54:55.739286+01:00] checkImgsLogger.INFO: **** Inizio procedura **** [] []
[2024-02-04T21:54:56.654270+01:00] checkImgsLogger.INFO: **** Fine procedura **** [] []
[2024-02-04T21:55:05.843304+01:00] checkImgsLogger.INFO: **** Inizio procedura **** [] []
[2024-02-04T21:55:06.475402+01:00] checkImgsLogger.INFO: **** Fine procedura **** [] []
[2024-02-04T21:55:27.137336+01:00] checkImgsLogger.INFO: **** Inizio procedura **** [] []
[2024-02-04T21:55:27.525039+01:00] checkImgsLogger.INFO: **** Fine procedura **** [] []
[2024-02-04T21:55:37.256298+01:00] checkImgsLogger.INFO: **** Inizio procedura **** [] []
[2024-02-04T21:55:37.454086+01:00] checkImgsLogger.INFO: **** Fine procedura **** [] []
[2024-02-04T21:55:49.048317+01:00] checkImgsLogger.INFO: **** Inizio procedura **** [] []
[2024-02-04T21:55:49.191336+01:00] checkImgsLogger.ERROR: Quality must range from 0 to 100. [] []
[2024-02-04T21:55:49.191627+01:00] checkImgsLogger.INFO: **** Procedura interrotta **** [] []
[2024-02-04T21:57:57.066743+01:00] checkImgsLogger.INFO: **** Inizio procedura **** [] []
[2024-02-04T21:57:57.068170+01:00] checkImgsLogger.ERROR: Error in directories configuration [] []
[2024-02-04T21:57:57.068395+01:00] checkImgsLogger.INFO: **** Procedura interrotta **** [] []
[2024-02-04T21:58:24.931005+01:00] checkImgsLogger.INFO: **** Inizio procedura **** [] []
[2024-02-04T21:58:25.284870+01:00] checkImgsLogger.INFO: **** Fine procedura **** [] []
[2024-02-04T21:58:39.257424+01:00] checkImgsLogger.INFO: **** Inizio procedura **** [] []
[2024-02-04T21:58:39.616005+01:00] checkImgsLogger.INFO: **** Fine procedura **** [] []
